# JRE version: Java(TM) SE Runtime Environment (15.0.2+7) (build 15.0.2+7-27)
# Java VM: Java HotSpot(TM) 64-Bit Server VM (15.0.2+7-27, mixed mode, sharing, tiered, compressed oops, g1 gc, bsd-amd64)
GC Precious Log:
 CPUs: 8 total, 8 available
 Memory: 16384M
 Large Page Support: Disabled
 NUMA Support: Disabled
 Compressed Oops: Enabled (Zero based)
 Heap Region Size: 2M
 Heap Min Capacity: 8M
 Heap Initial Capacity: 256M
 Heap Max Capacity: 4G
 Pre-touch: Disabled
 Parallel Workers: 8
 Concurrent Workers: 2
 Concurrent Refinement Workers: 8
 Periodic GC: Disabled
Heap:
 garbage-first heap   total 81920K, used 25149K [0x0000000700000000, 0x0000000800000000)
  region size 2048K, 5 young (10240K), 3 survivors (6144K)
 Metaspace       used 28318K, capacity 28606K, committed 29056K, reserved 1075200K
  class space    used 3592K, capacity 3698K, committed 3712K, reserved 1048576K
GC Heap History (12 events):
Event: 0.815 GC heap before
{Heap before GC invocations=0 (full 0):
 garbage-first heap   total 266240K, used 22312K [0x0000000700000000, 0x0000000800000000)
  region size 2048K, 11 young (22528K), 0 survivors (0K)
 Metaspace       used 8113K, capacity 10175K, committed 10496K, reserved 1058816K
  class space    used 849K, capacity 1020K, committed 1024K, reserved 1048576K
}
Event: 0.821 GC heap after
{Heap after GC invocations=1 (full 0):
 garbage-first heap   total 266240K, used 5474K [0x0000000700000000, 0x0000000800000000)
  region size 2048K, 2 young (4096K), 2 survivors (4096K)
 Metaspace       used 8113K, capacity 10175K, committed 10496K, reserved 1058816K
  class space    used 849K, capacity 1020K, committed 1024K, reserved 1048576K
}
Event: 1.628 GC heap before
{Heap before GC invocations=1 (full 0):
 garbage-first heap   total 266240K, used 36194K [0x0000000700000000, 0x0000000800000000)
  region size 2048K, 16 young (32768K), 2 survivors (4096K)
 Metaspace       used 15754K, capacity 16711K, committed 17024K, reserved 1064960K
  class space    used 2076K, capacity 2151K, committed 2176K, reserved 1048576K
}
Event: 1.638 GC heap after
{Heap after GC invocations=2 (full 0):
 garbage-first heap   total 266240K, used 9846K [0x0000000700000000, 0x0000000800000000)
  region size 2048K, 2 young (4096K), 2 survivors (4096K)
 Metaspace       used 15754K, capacity 16711K, committed 17024K, reserved 1064960K
  class space    used 2076K, capacity 2151K, committed 2176K, reserved 1048576K
}
Event: 2.082 GC heap before
{Heap before GC invocations=2 (full 0):
 garbage-first heap   total 266240K, used 34422K [0x0000000700000000, 0x0000000800000000)
  region size 2048K, 15 young (30720K), 2 survivors (4096K)
 Metaspace       used 20716K, capacity 20949K, committed 21248K, reserved 1067008K
  class space    used 2639K, capacity 2754K, committed 2816K, reserved 1048576K
}
Event: 2.086 GC heap after
{Heap after GC invocations=3 (full 0):
 garbage-first heap   total 266240K, used 12109K [0x0000000700000000, 0x0000000800000000)
  region size 2048K, 4 young (8192K), 4 survivors (8192K)
 Metaspace       used 20716K, capacity 20949K, committed 21248K, reserved 1067008K
  class space    used 2639K, capacity 2754K, committed 2816K, reserved 1048576K
}
Event: 2.180 GC heap before
{Heap before GC invocations=4 (full 0):
 garbage-first heap   total 266240K, used 153421K [0x0000000700000000, 0x0000000800000000)
  region size 2048K, 5 young (10240K), 4 survivors (8192K)
 Metaspace       used 20756K, capacity 21013K, committed 21248K, reserved 1067008K
  class space    used 2645K, capacity 2754K, committed 2816K, reserved 1048576K
}
Event: 2.182 GC heap after
{Heap after GC invocations=5 (full 0):
 garbage-first heap   total 266240K, used 153686K [0x0000000700000000, 0x0000000800000000)
  region size 2048K, 4 young (8192K), 4 survivors (8192K)
 Metaspace       used 20756K, capacity 21013K, committed 21248K, reserved 1067008K
  class space    used 2645K, capacity 2754K, committed 2816K, reserved 1048576K
}
Event: 2.351 GC heap before
{Heap before GC invocations=6 (full 0):
 garbage-first heap   total 274432K, used 161878K [0x0000000700000000, 0x0000000800000000)
  region size 2048K, 7 young (14336K), 4 survivors (8192K)
 Metaspace       used 22583K, capacity 22860K, committed 23168K, reserved 1069056K
  class space    used 2834K, capacity 2920K, committed 2944K, reserved 1048576K
}
Event: 2.355 GC heap after
{Heap after GC invocations=7 (full 0):
 garbage-first heap   total 274432K, used 158514K [0x0000000700000000, 0x0000000800000000)
  region size 2048K, 2 young (4096K), 2 survivors (4096K)
 Metaspace       used 22583K, capacity 22860K, committed 23168K, reserved 1069056K
  class space    used 2834K, capacity 2920K, committed 2944K, reserved 1048576K
}
Event: 3.434 GC heap before
{Heap before GC invocations=8 (full 0):
 garbage-first heap   total 280576K, used 183090K [0x0000000700000000, 0x0000000800000000)
  region size 2048K, 13 young (26624K), 2 survivors (4096K)
 Metaspace       used 27834K, capacity 28123K, committed 28544K, reserved 1075200K
  class space    used 3583K, capacity 3665K, committed 3712K, reserved 1048576K
}
Event: 3.439 GC heap after
{Heap after GC invocations=9 (full 0):
 garbage-first heap   total 280576K, used 14909K [0x0000000700000000, 0x0000000800000000)
  region size 2048K, 3 young (6144K), 3 survivors (6144K)
 Metaspace       used 27834K, capacity 28123K, committed 28544K, reserved 1075200K
  class space    used 3583K, capacity 3665K, committed 3712K, reserved 1048576K
}

