# JRE version: Java(TM) SE Runtime Environment (15.0.2+7) (build 15.0.2+7-27)
# Java VM: Java HotSpot(TM) 64-Bit Server VM (15.0.2+7-27, mixed mode, sharing, tiered, compressed oops, g1 gc, bsd-amd64)
GC Precious Log:
 CPUs: 8 total, 8 available
 Memory: 16384M
 Large Page Support: Disabled
 NUMA Support: Disabled
 Compressed Oops: Enabled (Zero based)
 Heap Region Size: 2M
 Heap Min Capacity: 8M
 Heap Initial Capacity: 256M
 Heap Max Capacity: 4G
 Pre-touch: Disabled
 Parallel Workers: 8
 Concurrent Workers: 2
 Concurrent Refinement Workers: 8
 Periodic GC: Disabled
Heap:
 garbage-first heap   total 90112K, used 29331K [0x0000000700000000, 0x0000000800000000)
  region size 2048K, 4 young (8192K), 2 survivors (4096K)
 Metaspace       used 28293K, capacity 28606K, committed 29056K, reserved 1075200K
  class space    used 3591K, capacity 3698K, committed 3712K, reserved 1048576K
GC Heap History (14 events):
Event: 0.821 GC heap before
{Heap before GC invocations=0 (full 0):
 garbage-first heap   total 266240K, used 22312K [0x0000000700000000, 0x0000000800000000)
  region size 2048K, 11 young (22528K), 0 survivors (0K)
 Metaspace       used 7931K, capacity 10015K, committed 10240K, reserved 1058816K
  class space    used 812K, capacity 988K, committed 1024K, reserved 1048576K
}
Event: 0.828 GC heap after
{Heap after GC invocations=1 (full 0):
 garbage-first heap   total 266240K, used 5492K [0x0000000700000000, 0x0000000800000000)
  region size 2048K, 2 young (4096K), 2 survivors (4096K)
 Metaspace       used 7931K, capacity 10015K, committed 10240K, reserved 1058816K
  class space    used 812K, capacity 988K, committed 1024K, reserved 1048576K
}
Event: 1.614 GC heap before
{Heap before GC invocations=1 (full 0):
 garbage-first heap   total 266240K, used 32116K [0x0000000700000000, 0x0000000800000000)
  region size 2048K, 15 young (30720K), 2 survivors (4096K)
 Metaspace       used 15475K, capacity 16423K, committed 16768K, reserved 1064960K
  class space    used 2036K, capacity 2119K, committed 2176K, reserved 1048576K
}
Event: 1.623 GC heap after
{Heap after GC invocations=2 (full 0):
 garbage-first heap   total 266240K, used 9658K [0x0000000700000000, 0x0000000800000000)
  region size 2048K, 2 young (4096K), 2 survivors (4096K)
 Metaspace       used 15475K, capacity 16423K, committed 16768K, reserved 1064960K
  class space    used 2036K, capacity 2119K, committed 2176K, reserved 1048576K
}
Event: 2.149 GC heap before
{Heap before GC invocations=2 (full 0):
 garbage-first heap   total 266240K, used 34234K [0x0000000700000000, 0x0000000800000000)
  region size 2048K, 15 young (30720K), 2 survivors (4096K)
 Metaspace       used 20734K, capacity 20917K, committed 21248K, reserved 1067008K
  class space    used 2620K, capacity 2722K, committed 2816K, reserved 1048576K
}
Event: 2.155 GC heap after
{Heap after GC invocations=3 (full 0):
 garbage-first heap   total 266240K, used 12200K [0x0000000700000000, 0x0000000800000000)
  region size 2048K, 4 young (8192K), 4 survivors (8192K)
 Metaspace       used 20734K, capacity 20917K, committed 21248K, reserved 1067008K
  class space    used 2620K, capacity 2722K, committed 2816K, reserved 1048576K
}
Event: 2.204 GC heap before
{Heap before GC invocations=4 (full 0):
 garbage-first heap   total 61440K, used 12200K [0x0000000700000000, 0x0000000800000000)
  region size 2048K, 5 young (10240K), 4 survivors (8192K)
 Metaspace       used 20920K, capacity 21141K, committed 21504K, reserved 1069056K
  class space    used 2651K, capacity 2754K, committed 2816K, reserved 1048576K
}
Event: 2.207 GC heap after
{Heap after GC invocations=5 (full 0):
 garbage-first heap   total 61440K, used 12371K [0x0000000700000000, 0x0000000800000000)
  region size 2048K, 4 young (8192K), 4 survivors (8192K)
 Metaspace       used 20920K, capacity 21141K, committed 21504K, reserved 1069056K
  class space    used 2651K, capacity 2754K, committed 2816K, reserved 1048576K
}
Event: 2.275 GC heap before
{Heap before GC invocations=6 (full 0):
 garbage-first heap   total 126976K, used 69715K [0x0000000700000000, 0x0000000800000000)
  region size 2048K, 5 young (10240K), 4 survivors (8192K)
 Metaspace       used 21126K, capacity 21365K, committed 21760K, reserved 1069056K
  class space    used 2671K, capacity 2786K, committed 2816K, reserved 1048576K
}
Event: 2.278 GC heap after
{Heap after GC invocations=7 (full 0):
 garbage-first heap   total 126976K, used 69714K [0x0000000700000000, 0x0000000800000000)
  region size 2048K, 2 young (4096K), 2 survivors (4096K)
 Metaspace       used 21126K, capacity 21365K, committed 21760K, reserved 1069056K
  class space    used 2671K, capacity 2786K, committed 2816K, reserved 1048576K
}
Event: 2.433 GC heap before
{Heap before GC invocations=8 (full 0):
 garbage-first heap   total 133120K, used 75858K [0x0000000700000000, 0x0000000800000000)
  region size 2048K, 5 young (10240K), 2 survivors (4096K)
 Metaspace       used 22880K, capacity 23212K, committed 23808K, reserved 1071104K
  class space    used 2860K, capacity 2952K, committed 3072K, reserved 1048576K
}
Event: 2.436 GC heap after
{Heap after GC invocations=9 (full 0):
 garbage-first heap   total 133120K, used 74378K [0x0000000700000000, 0x0000000800000000)
  region size 2048K, 2 young (4096K), 2 survivors (4096K)
 Metaspace       used 22880K, capacity 23212K, committed 23808K, reserved 1071104K
  class space    used 2860K, capacity 2952K, committed 3072K, reserved 1048576K
}
Event: 3.263 GC heap before
{Heap before GC invocations=10 (full 0):
 garbage-first heap   total 141312K, used 94858K [0x0000000700000000, 0x0000000800000000)
  region size 2048K, 11 young (22528K), 2 survivors (4096K)
 Metaspace       used 27669K, capacity 27924K, committed 28288K, reserved 1073152K
  class space    used 3581K, capacity 3665K, committed 3712K, reserved 1048576K
}
Event: 3.267 GC heap after
{Heap after GC invocations=11 (full 0):
 garbage-first heap   total 141312K, used 14995K [0x0000000700000000, 0x0000000800000000)
  region size 2048K, 2 young (4096K), 2 survivors (4096K)
 Metaspace       used 27669K, capacity 27924K, committed 28288K, reserved 1073152K
  class space    used 3581K, capacity 3665K, committed 3712K, reserved 1048576K
}

